1723985552.705979 client started (11659): version 3.4, socket /tmp/tmux-1000/default, protocol 8
1723985552.705992 on Linux 6.6.44 #1-NixOS SMP PREEMPT_DYNAMIC Sat Aug  3 06:54:42 UTC 2024
1723985552.705994 using libevent 2.1.12-stable poll
1723985552.705998 using utf8proc 2.9.0
1723985552.706000 using ncurses 6.4 20221231
1723985552.706006 flags are 0x18010000
1723985552.706012 socket is /tmp/tmux-1000/default
1723985552.706018 trying connect
1723985552.706057 add peer 0x1566060: 6 ((nil))
1723985552.706219 sending message 100 to peer 0x1566060 (4 bytes)
1723985552.706223 sending message 111 to peer 0x1566060 (8 bytes)
1723985552.706225 sending message 101 to peer 0x1566060 (10 bytes)
1723985552.706226 sending message 109 to peer 0x1566060 (4 bytes)
1723985552.706227 sending message 102 to peer 0x1566060 (11 bytes)
1723985552.706228 sending message 108 to peer 0x1566060 (29 bytes)
1723985552.706230 sending message 112 to peer 0x1566060 (58 bytes)
1723985552.706231 sending message 112 to peer 0x1566060 (5 bytes)
1723985552.706232 sending message 112 to peer 0x1566060 (5 bytes)
1723985552.706233 sending message 112 to peer 0x1566060 (6 bytes)
1723985552.706234 sending message 112 to peer 0x1566060 (6 bytes)
1723985552.706235 sending message 112 to peer 0x1566060 (11 bytes)
1723985552.706237 sending message 112 to peer 0x1566060 (10 bytes)
1723985552.706238 sending message 112 to peer 0x1566060 (13 bytes)
1723985552.706239 sending message 112 to peer 0x1566060 (14 bytes)
1723985552.706240 sending message 112 to peer 0x1566060 (19 bytes)
1723985552.706241 sending message 112 to peer 0x1566060 (11 bytes)
1723985552.706242 sending message 112 to peer 0x1566060 (10 bytes)
1723985552.706244 sending message 112 to peer 0x1566060 (15 bytes)
1723985552.706245 sending message 112 to peer 0x1566060 (21 bytes)
1723985552.706246 sending message 112 to peer 0x1566060 (13 bytes)
1723985552.706247 sending message 112 to peer 0x1566060 (7 bytes)
1723985552.706248 sending message 112 to peer 0x1566060 (13 bytes)
1723985552.706249 sending message 112 to peer 0x1566060 (7 bytes)
1723985552.706251 sending message 112 to peer 0x1566060 (13 bytes)
1723985552.706252 sending message 112 to peer 0x1566060 (9 bytes)
1723985552.706253 sending message 112 to peer 0x1566060 (21 bytes)
1723985552.706254 sending message 112 to peer 0x1566060 (13 bytes)
1723985552.706255 sending message 112 to peer 0x1566060 (9 bytes)
1723985552.706256 sending message 112 to peer 0x1566060 (16 bytes)
1723985552.706257 sending message 112 to peer 0x1566060 (13 bytes)
1723985552.706259 sending message 112 to peer 0x1566060 (9 bytes)
1723985552.706260 sending message 112 to peer 0x1566060 (9 bytes)
1723985552.706261 sending message 112 to peer 0x1566060 (12 bytes)
1723985552.706262 sending message 112 to peer 0x1566060 (8 bytes)
1723985552.706263 sending message 112 to peer 0x1566060 (8 bytes)
1723985552.706264 sending message 112 to peer 0x1566060 (13 bytes)
1723985552.706266 sending message 112 to peer 0x1566060 (7 bytes)
1723985552.706267 sending message 112 to peer 0x1566060 (7 bytes)
1723985552.706268 sending message 112 to peer 0x1566060 (9 bytes)
1723985552.706269 sending message 112 to peer 0x1566060 (6 bytes)
1723985552.706270 sending message 112 to peer 0x1566060 (9 bytes)
1723985552.706271 sending message 112 to peer 0x1566060 (15 bytes)
1723985552.706273 sending message 112 to peer 0x1566060 (13 bytes)
1723985552.706274 sending message 112 to peer 0x1566060 (12 bytes)
1723985552.706275 sending message 112 to peer 0x1566060 (8 bytes)
1723985552.706276 sending message 112 to peer 0x1566060 (14 bytes)
1723985552.706277 sending message 112 to peer 0x1566060 (11 bytes)
1723985552.706278 sending message 112 to peer 0x1566060 (9 bytes)
1723985552.706279 sending message 112 to peer 0x1566060 (10 bytes)
1723985552.706281 sending message 112 to peer 0x1566060 (10 bytes)
1723985552.706282 sending message 112 to peer 0x1566060 (10 bytes)
1723985552.706283 sending message 112 to peer 0x1566060 (10 bytes)
1723985552.706284 sending message 112 to peer 0x1566060 (11 bytes)
1723985552.706285 sending message 112 to peer 0x1566060 (12 bytes)
1723985552.706290 sending message 112 to peer 0x1566060 (12 bytes)
1723985552.706291 sending message 112 to peer 0x1566060 (12 bytes)
1723985552.706292 sending message 112 to peer 0x1566060 (12 bytes)
1723985552.706293 sending message 112 to peer 0x1566060 (12 bytes)
1723985552.706294 sending message 112 to peer 0x1566060 (11 bytes)
1723985552.706296 sending message 112 to peer 0x1566060 (11 bytes)
1723985552.706297 sending message 112 to peer 0x1566060 (12 bytes)
1723985552.706298 sending message 112 to peer 0x1566060 (12 bytes)
1723985552.706299 sending message 112 to peer 0x1566060 (12 bytes)
1723985552.706300 sending message 112 to peer 0x1566060 (12 bytes)
1723985552.706301 sending message 112 to peer 0x1566060 (12 bytes)
1723985552.706302 sending message 112 to peer 0x1566060 (9 bytes)
1723985552.706304 sending message 112 to peer 0x1566060 (12 bytes)
1723985552.706305 sending message 112 to peer 0x1566060 (13 bytes)
1723985552.706306 sending message 112 to peer 0x1566060 (13 bytes)
1723985552.706307 sending message 112 to peer 0x1566060 (13 bytes)
1723985552.706308 sending message 112 to peer 0x1566060 (13 bytes)
1723985552.706309 sending message 112 to peer 0x1566060 (13 bytes)
1723985552.706311 sending message 112 to peer 0x1566060 (8 bytes)
1723985552.706312 sending message 112 to peer 0x1566060 (11 bytes)
1723985552.706313 sending message 112 to peer 0x1566060 (11 bytes)
1723985552.706314 sending message 112 to peer 0x1566060 (11 bytes)
1723985552.706315 sending message 112 to peer 0x1566060 (12 bytes)
1723985552.706316 sending message 112 to peer 0x1566060 (12 bytes)
1723985552.706318 sending message 112 to peer 0x1566060 (12 bytes)
1723985552.706319 sending message 112 to peer 0x1566060 (12 bytes)
1723985552.706320 sending message 112 to peer 0x1566060 (13 bytes)
1723985552.706321 sending message 112 to peer 0x1566060 (13 bytes)
1723985552.706322 sending message 112 to peer 0x1566060 (13 bytes)
1723985552.706323 sending message 112 to peer 0x1566060 (8 bytes)
1723985552.706325 sending message 112 to peer 0x1566060 (13 bytes)
1723985552.706326 sending message 112 to peer 0x1566060 (13 bytes)
1723985552.706327 sending message 112 to peer 0x1566060 (13 bytes)
1723985552.706328 sending message 112 to peer 0x1566060 (13 bytes)
1723985552.706329 sending message 112 to peer 0x1566060 (13 bytes)
1723985552.706330 sending message 112 to peer 0x1566060 (12 bytes)
1723985552.706332 sending message 112 to peer 0x1566060 (12 bytes)
1723985552.706333 sending message 112 to peer 0x1566060 (12 bytes)
1723985552.706334 sending message 112 to peer 0x1566060 (12 bytes)
1723985552.706335 sending message 112 to peer 0x1566060 (13 bytes)
1723985552.706336 sending message 112 to peer 0x1566060 (8 bytes)
1723985552.706337 sending message 112 to peer 0x1566060 (13 bytes)
1723985552.706339 sending message 112 to peer 0x1566060 (13 bytes)
1723985552.706340 sending message 112 to peer 0x1566060 (13 bytes)
1723985552.706341 sending message 112 to peer 0x1566060 (13 bytes)
1723985552.706342 sending message 112 to peer 0x1566060 (13 bytes)
1723985552.706343 sending message 112 to peer 0x1566060 (13 bytes)
1723985552.706344 sending message 112 to peer 0x1566060 (13 bytes)
1723985552.706345 sending message 112 to peer 0x1566060 (12 bytes)
1723985552.706347 sending message 112 to peer 0x1566060 (12 bytes)
1723985552.706348 sending message 112 to peer 0x1566060 (12 bytes)
1723985552.706349 sending message 112 to peer 0x1566060 (8 bytes)
1723985552.706350 sending message 112 to peer 0x1566060 (12 bytes)
1723985552.706351 sending message 112 to peer 0x1566060 (13 bytes)
1723985552.706352 sending message 112 to peer 0x1566060 (13 bytes)
1723985552.706354 sending message 112 to peer 0x1566060 (13 bytes)
1723985552.706355 sending message 112 to peer 0x1566060 (13 bytes)
1723985552.706356 sending message 112 to peer 0x1566060 (13 bytes)
1723985552.706357 sending message 112 to peer 0x1566060 (13 bytes)
1723985552.706358 sending message 112 to peer 0x1566060 (13 bytes)
1723985552.706359 sending message 112 to peer 0x1566060 (13 bytes)
1723985552.706362 sending message 112 to peer 0x1566060 (12 bytes)
1723985552.706363 sending message 112 to peer 0x1566060 (10 bytes)
1723985552.706364 sending message 112 to peer 0x1566060 (12 bytes)
1723985552.706365 sending message 112 to peer 0x1566060 (12 bytes)
1723985552.706367 sending message 112 to peer 0x1566060 (12 bytes)
1723985552.706368 sending message 112 to peer 0x1566060 (13 bytes)
1723985552.706369 sending message 112 to peer 0x1566060 (13 bytes)
1723985552.706370 sending message 112 to peer 0x1566060 (13 bytes)
1723985552.706371 sending message 112 to peer 0x1566060 (13 bytes)
1723985552.706372 sending message 112 to peer 0x1566060 (13 bytes)
1723985552.706374 sending message 112 to peer 0x1566060 (13 bytes)
1723985552.706375 sending message 112 to peer 0x1566060 (13 bytes)
1723985552.706376 sending message 112 to peer 0x1566060 (10 bytes)
1723985552.706377 sending message 112 to peer 0x1566060 (13 bytes)
1723985552.706378 sending message 112 to peer 0x1566060 (12 bytes)
1723985552.706379 sending message 112 to peer 0x1566060 (12 bytes)
1723985552.706381 sending message 112 to peer 0x1566060 (12 bytes)
1723985552.706382 sending message 112 to peer 0x1566060 (10 bytes)
1723985552.706383 sending message 112 to peer 0x1566060 (10 bytes)
1723985552.706384 sending message 112 to peer 0x1566060 (10 bytes)
1723985552.706385 sending message 112 to peer 0x1566060 (12 bytes)
1723985552.706386 sending message 112 to peer 0x1566060 (13 bytes)
1723985552.706387 sending message 112 to peer 0x1566060 (13 bytes)
1723985552.706389 sending message 112 to peer 0x1566060 (13 bytes)
1723985552.706390 sending message 112 to peer 0x1566060 (13 bytes)
1723985552.706391 sending message 112 to peer 0x1566060 (13 bytes)
1723985552.706392 sending message 112 to peer 0x1566060 (10 bytes)
1723985552.706393 sending message 112 to peer 0x1566060 (11 bytes)
1723985552.706394 sending message 112 to peer 0x1566060 (12 bytes)
1723985552.706396 sending message 112 to peer 0x1566060 (12 bytes)
1723985552.706397 sending message 112 to peer 0x1566060 (12 bytes)
1723985552.706398 sending message 112 to peer 0x1566060 (12 bytes)
1723985552.706399 sending message 112 to peer 0x1566060 (12 bytes)
1723985552.706400 sending message 112 to peer 0x1566060 (11 bytes)
1723985552.706401 sending message 112 to peer 0x1566060 (12 bytes)
1723985552.706402 sending message 112 to peer 0x1566060 (12 bytes)
1723985552.706404 sending message 112 to peer 0x1566060 (13 bytes)
1723985552.706405 sending message 112 to peer 0x1566060 (13 bytes)
1723985552.706406 sending message 112 to peer 0x1566060 (13 bytes)
1723985552.706407 sending message 112 to peer 0x1566060 (13 bytes)
1723985552.706408 sending message 112 to peer 0x1566060 (13 bytes)
1723985552.706409 sending message 112 to peer 0x1566060 (10 bytes)
1723985552.706411 sending message 112 to peer 0x1566060 (9 bytes)
1723985552.706412 sending message 112 to peer 0x1566060 (12 bytes)
1723985552.706413 sending message 112 to peer 0x1566060 (13 bytes)
1723985552.706414 sending message 112 to peer 0x1566060 (13 bytes)
1723985552.706415 sending message 112 to peer 0x1566060 (13 bytes)
1723985552.706416 sending message 112 to peer 0x1566060 (13 bytes)
1723985552.706418 sending message 112 to peer 0x1566060 (13 bytes)
1723985552.706419 sending message 112 to peer 0x1566060 (9 bytes)
1723985552.706420 sending message 112 to peer 0x1566060 (12 bytes)
1723985552.706421 sending message 112 to peer 0x1566060 (13 bytes)
1723985552.706422 sending message 112 to peer 0x1566060 (13 bytes)
1723985552.706423 sending message 112 to peer 0x1566060 (13 bytes)
1723985552.706424 sending message 112 to peer 0x1566060 (13 bytes)
1723985552.706426 sending message 112 to peer 0x1566060 (13 bytes)
1723985552.706427 sending message 112 to peer 0x1566060 (11 bytes)
1723985552.706428 sending message 112 to peer 0x1566060 (12 bytes)
1723985552.706429 sending message 112 to peer 0x1566060 (13 bytes)
1723985552.706430 sending message 112 to peer 0x1566060 (13 bytes)
1723985552.706431 sending message 112 to peer 0x1566060 (13 bytes)
1723985552.706434 sending message 112 to peer 0x1566060 (13 bytes)
1723985552.706435 sending message 112 to peer 0x1566060 (13 bytes)
1723985552.706436 sending message 112 to peer 0x1566060 (11 bytes)
1723985552.706438 sending message 112 to peer 0x1566060 (12 bytes)
1723985552.706439 sending message 112 to peer 0x1566060 (12 bytes)
1723985552.706440 sending message 112 to peer 0x1566060 (12 bytes)
1723985552.706441 sending message 112 to peer 0x1566060 (12 bytes)
1723985552.706442 sending message 112 to peer 0x1566060 (12 bytes)
1723985552.706444 sending message 112 to peer 0x1566060 (21 bytes)
1723985552.706445 sending message 112 to peer 0x1566060 (12 bytes)
1723985552.706446 sending message 112 to peer 0x1566060 (9 bytes)
1723985552.706448 sending message 112 to peer 0x1566060 (6 bytes)
1723985552.706449 sending message 112 to peer 0x1566060 (13 bytes)
1723985552.706450 sending message 112 to peer 0x1566060 (10 bytes)
1723985552.706451 sending message 112 to peer 0x1566060 (24 bytes)
1723985552.706452 sending message 112 to peer 0x1566060 (13 bytes)
1723985552.706454 sending message 112 to peer 0x1566060 (9 bytes)
1723985552.706455 sending message 112 to peer 0x1566060 (70 bytes)
1723985552.706456 sending message 112 to peer 0x1566060 (69 bytes)
1723985552.706458 sending message 112 to peer 0x1566060 (12 bytes)
1723985552.706459 sending message 112 to peer 0x1566060 (10 bytes)
1723985552.706460 sending message 112 to peer 0x1566060 (10 bytes)
1723985552.706461 sending message 112 to peer 0x1566060 (24 bytes)
1723985552.706462 sending message 112 to peer 0x1566060 (13 bytes)
1723985552.706464 sending message 112 to peer 0x1566060 (10 bytes)
1723985552.706465 sending message 112 to peer 0x1566060 (10 bytes)
1723985552.706466 sending message 112 to peer 0x1566060 (17 bytes)
1723985552.706467 sending message 112 to peer 0x1566060 (10 bytes)
1723985552.706468 sending message 112 to peer 0x1566060 (13 bytes)
1723985552.706470 sending message 112 to peer 0x1566060 (9 bytes)
1723985552.706471 sending message 112 to peer 0x1566060 (15 bytes)
1723985552.706472 sending message 112 to peer 0x1566060 (5 bytes)
1723985552.706474 sending message 104 to peer 0x1566060 (0 bytes)
1723985552.706475 sending message 110 to peer 0x1566060 (0 bytes)
1723985552.706477 sending message 107 to peer 0x1566060 (4 bytes)
1723985552.706478 sending message 105 to peer 0x1566060 (38 bytes)
1723985552.706479 sending message 105 to peer 0x1566060 (18 bytes)
1723985552.706481 sending message 105 to peer 0x1566060 (21 bytes)
1723985552.706482 sending message 105 to peer 0x1566060 (20 bytes)
1723985552.706483 sending message 105 to peer 0x1566060 (239 bytes)
1723985552.706485 sending message 105 to peer 0x1566060 (58 bytes)
1723985552.706486 sending message 105 to peer 0x1566060 (41 bytes)
1723985552.706487 sending message 105 to peer 0x1566060 (23 bytes)
1723985552.706488 sending message 105 to peer 0x1566060 (20 bytes)
1723985552.706490 sending message 105 to peer 0x1566060 (557 bytes)
1723985552.706491 sending message 105 to peer 0x1566060 (24 bytes)
1723985552.706492 sending message 105 to peer 0x1566060 (24 bytes)
1723985552.706494 sending message 105 to peer 0x1566060 (15 bytes)
1723985552.706495 sending message 105 to peer 0x1566060 (12 bytes)
1723985552.706496 sending message 105 to peer 0x1566060 (15 bytes)
1723985552.706497 sending message 105 to peer 0x1566060 (33 bytes)
1723985552.706499 sending message 105 to peer 0x1566060 (179 bytes)
1723985552.706500 sending message 105 to peer 0x1566060 (28 bytes)
1723985552.706501 sending message 105 to peer 0x1566060 (17 bytes)
1723985552.706502 sending message 105 to peer 0x1566060 (21 bytes)
1723985552.706504 sending message 105 to peer 0x1566060 (79 bytes)
1723985552.706505 sending message 105 to peer 0x1566060 (155 bytes)
1723985552.706506 sending message 105 to peer 0x1566060 (43 bytes)
1723985552.706507 sending message 105 to peer 0x1566060 (38 bytes)
1723985552.706509 sending message 105 to peer 0x1566060 (52 bytes)
1723985552.706510 sending message 105 to peer 0x1566060 (20 bytes)
1723985552.706512 sending message 105 to peer 0x1566060 (104 bytes)
1723985552.706514 sending message 105 to peer 0x1566060 (21 bytes)
1723985552.706515 sending message 105 to peer 0x1566060 (17 bytes)
1723985552.706517 sending message 105 to peer 0x1566060 (1905 bytes)
1723985552.706524 sending message 105 to peer 0x1566060 (28 bytes)
1723985552.706526 sending message 105 to peer 0x1566060 (52 bytes)
1723985552.706527 sending message 105 to peer 0x1566060 (14 bytes)
1723985552.706528 sending message 105 to peer 0x1566060 (61 bytes)
1723985552.706530 sending message 105 to peer 0x1566060 (56 bytes)
1723985552.706531 sending message 105 to peer 0x1566060 (437 bytes)
1723985552.706532 sending message 105 to peer 0x1566060 (23 bytes)
1723985552.706533 sending message 105 to peer 0x1566060 (15 bytes)
1723985552.706535 sending message 105 to peer 0x1566060 (30 bytes)
1723985552.706536 sending message 105 to peer 0x1566060 (723 bytes)
1723985552.706537 sending message 105 to peer 0x1566060 (87 bytes)
1723985552.706538 sending message 105 to peer 0x1566060 (14 bytes)
1723985552.706540 sending message 105 to peer 0x1566060 (20 bytes)
1723985552.706541 sending message 105 to peer 0x1566060 (11 bytes)
1723985552.706542 sending message 105 to peer 0x1566060 (8 bytes)
1723985552.706543 sending message 105 to peer 0x1566060 (11 bytes)
1723985552.706544 sending message 105 to peer 0x1566060 (25 bytes)
1723985552.706545 sending message 105 to peer 0x1566060 (313 bytes)
1723985552.706547 sending message 105 to peer 0x1566060 (27 bytes)
1723985552.706548 sending message 105 to peer 0x1566060 (31 bytes)
1723985552.706549 sending message 105 to peer 0x1566060 (11 bytes)
1723985552.706550 sending message 105 to peer 0x1566060 (17 bytes)
1723985552.706552 sending message 105 to peer 0x1566060 (64 bytes)
1723985552.706553 sending message 105 to peer 0x1566060 (72 bytes)
1723985552.706554 sending message 105 to peer 0x1566060 (270 bytes)
1723985552.706555 sending message 105 to peer 0x1566060 (31 bytes)
1723985552.706556 sending message 105 to peer 0x1566060 (20 bytes)
1723985552.706558 sending message 105 to peer 0x1566060 (22 bytes)
1723985552.706559 sending message 105 to peer 0x1566060 (275 bytes)
1723985552.706560 sending message 105 to peer 0x1566060 (227 bytes)
1723985552.706562 sending message 105 to peer 0x1566060 (213 bytes)
1723985552.706563 sending message 105 to peer 0x1566060 (39 bytes)
1723985552.706564 sending message 105 to peer 0x1566060 (19 bytes)
1723985552.706565 sending message 105 to peer 0x1566060 (54 bytes)
1723985552.706567 sending message 105 to peer 0x1566060 (29 bytes)
1723985552.706568 sending message 105 to peer 0x1566060 (23 bytes)
1723985552.706569 sending message 105 to peer 0x1566060 (22 bytes)
1723985552.706570 sending message 105 to peer 0x1566060 (34 bytes)
1723985552.706572 sending message 106 to peer 0x1566060 (0 bytes)
1723985552.706607 sending message 200 to peer 0x1566060 (4 bytes)
1723985552.706610 client loop enter
1723985552.712334 peer 0x1566060 message 207
1723985552.712345 sending message 208 to peer 0x1566060 (0 bytes)
1723985555.688798 peer 0x1566060 message 203
1723985555.688830 sending message 205 to peer 0x1566060 (0 bytes)
1723985555.689468 peer 0x1566060 message 204
1723985555.689488 client loop exit
